<?xml version="1.0" encoding="UTF-8"?>
<testsuites failures=0 tests=26>
	<testsuite failures=0 tests=26 name="AHK_YUnit">
		<testcase name="Folder_Create" classname="Folder_Function_Check/>
		<testcase name="Folder_Exists_Check" classname="Folder_Function_Check.Folder_Exists_Function/>
		<testcase name="Folder_Not_Exist_Check" classname="Folder_Function_Check.Folder_Exists_Function/>
		<testcase name="File_Create" classname="File_Function_Check/>
		<testcase name="File_Exist_Check" classname="File_Function_Check.File_Exist_Function/>
		<testcase name="No_File_Exist_Check" classname="File_Function_Check.File_Exist_Function/>
		<testcase name="Temp_File_Delete" classname="temp_File_Functions_Check/>
		<testcase name="Test_For_Failure_to_Read" classname="temp_File_Functions_Check.Temp_File_Read_Function/>
		<testcase name="Test_For_Successful_Read" classname="temp_File_Functions_Check.Temp_File_Read_Function/>
		<testcase name="Calculate_Days_Since_Last_Update" classname="Macro_Update_Check_Functions.Calculations/>
		<testcase name="Test_For__Found_title" classname="Macro_Update_Check_Functions.Check_Doc_Title/>
		<testcase name="Test_For__Not_Found_Title" classname="Macro_Update_Check_Functions.Check_Doc_Title/>
		<testcase name="Test_For__Found_title" classname="Macro_Update_Check_Functions.Format_Serial_check_title/>
		<testcase name="TEst_for__Not_found_title" classname="Macro_Update_Check_Functions.Format_Serial_check_title/>
		<testcase name="Add_Digits" classname="Formatting_Functions_Check/>
		<testcase name="Combinecount" classname="Formatting_Functions_Check/>
		<testcase name="Extract_First_Set_Of_Serial_Number" classname="Formatting_Functions_Check/>
		<testcase name="Extract_Prefix" classname="Formatting_Functions_Check/>
		<testcase name="Extract_Second_Set_Of_Serial_Number" classname="Formatting_Functions_Check/>
		<testcase name="Extract_Serial_Array" classname="Formatting_Functions_Check/>
		<testcase name="Extract_Serial_Dividing_Char" classname="Formatting_Functions_Check/>
		<testcase name="Formatted_Text_Serial_Count" classname="Formatting_Functions_Check/>
		<testcase name="One_Up_all" classname="Formatting_Functions_Check/>
		<testcase name="Put_Formatted_Serials_into_Array" classname="Formatting_Functions_Check/>
		<testcase name="Two_Different_Serials_Test" classname="Check_values_Function/>
		<testcase name="Two_Serials_Test" classname="Check_values_Function/>
	</testsuite>
</testsuites>
